<?xml version="1.0" encoding="UTF-8"?>
<!-- Generated by org.testng.reporters.JUnitXMLReporter -->
<testsuite hostname="DESKTOP-NA2E8HP" ignored="0" name="SuiteOneCaseOne" tests="2" failures="1" timestamp="17 Jul 2020 05:04:23 GMT" time="11.371" errors="0">
  <testcase name="SuiteOneCaseOneTest" time="10.194" classname="com.stta.SuiteOne.SuiteOneCaseOne">
    <failure type="java.lang.AssertionError" message="The following asserts failed:
	ActualResult Value 21 And ExpectedResult Value 22 Not Match expected [22] but found [21]">
      <![CDATA[java.lang.AssertionError: The following asserts failed:
ActualResult Value 21 And ExpectedResult Value 22 Not Match expected [22] but found [21]
at com.stta.SuiteOne.SuiteOneCaseOne.SuiteOneCaseOneTest(SuiteOneCaseOne.java:129)
... Removed 27 stack frames]]>
    </failure>
  </testcase> <!-- SuiteOneCaseOneTest -->
  <testcase name="SuiteOneCaseOneTest" time="0.002" classname="com.stta.SuiteOne.SuiteOneCaseOne">
    <skipped/>
  </testcase> <!-- SuiteOneCaseOneTest -->
</testsuite> <!-- SuiteOneCaseOne -->
